<?xml version="1.0" encoding="UTF-8"?>
<!-- Generated by org.testng.reporters.JUnitReportReporter -->
<testsuite hostname="DELL-PC" name="testClass.TestClass1" tests="1" failures="0" timestamp="4 Oct 2018 02:06:51 GMT" time="3.222" errors="0">
  <testcase name="sitetest" time="3.222" classname="testClass.TestClass1"/>
</testsuite> <!-- testClass.TestClass1 -->
