<?xml version="1.0" encoding="UTF-8"?>
<!-- Generated by org.testng.reporters.JUnitReportReporter -->
<testsuite skipped="0" hostname="DELL-PC" name="testClass.TestClass1" tests="1" failures="0" timestamp="08 Oct 2018 07:05:04 GMT" time="3.980" errors="0">
  <testcase name="sitetest" time="3.980" classname="testClass.TestClass1"/>
</testsuite> <!-- testClass.TestClass1 -->
